0 info it worked if it ends with ok
1 verbose cli [ 'node', '/usr/local/bin/npm', 'run', 'babelify' ]
2 info using npm@1.4.28
3 info using node@v0.10.33
4 verbose run-script [ 'prebabelify', 'babelify', 'postbabelify' ]
5 info prebabelify Loop54JSPlugin@1.0.0
6 info babelify Loop54JSPlugin@1.0.0
7 verbose unsafe-perm in lifecycle true
8 info Loop54JSPlugin@1.0.0 Failed to exec babelify script
9 error Loop54JSPlugin@1.0.0 babelify: `browserify src/index.js -o bin/js/index.js -t [ babelify --presets [ es2015 ] ]`
9 error Exit status 1
10 error Failed at the Loop54JSPlugin@1.0.0 babelify script.
10 error This is most likely a problem with the Loop54JSPlugin package,
10 error not with npm itself.
10 error Tell the author that this fails on your system:
10 error     browserify src/index.js -o bin/js/index.js -t [ babelify --presets [ es2015 ] ]
10 error You can get their info via:
10 error     npm owner ls Loop54JSPlugin
10 error There is likely additional logging output above.
11 error System Darwin 14.4.0
12 error command "node" "/usr/local/bin/npm" "run" "babelify"
13 error cwd /Users/magnus/Documents/Code/Web/loop54/JSPlugin_Trunk
14 error node -v v0.10.33
15 error npm -v 1.4.28
16 error code ELIFECYCLE
17 verbose exit [ 1, true ]
